Using pre-set license
Built from '2022.3/staging' branch; Version is '2022.3.1f1 (f18e0c1b5784) revision 15830540'; Using compiler version '192829333'; Build Type 'Release'
OS: 'Windows 10  (10.0.19045) 64bit ProfessionalEducation' Language: 'fr' Physical Memory: 32716 MB
BatchMode: 1, IsHumanControllingUs: 0, StartBugReporterOnCrash: 0, Is64bit: 1, IsPro: 1

COMMAND LINE ARGUMENTS:
C:\Program Files\Unity 2022.3.1f1\Editor\Unity.exe
-adb2
-batchMode
-noUpm
-name
AssetImportWorker0
-projectPath
C:/Users/theo.rotsart/Documents/tamere/KinoGlitch
-logFile
Logs/AssetImportWorker0.log
-srvPort
55806
Successfully changed project path to: C:/Users/theo.rotsart/Documents/tamere/KinoGlitch
C:/Users/theo.rotsart/Documents/tamere/KinoGlitch
[UnityMemory] Configuration Parameters - Can be set up in boot.config
    "memorysetup-bucket-allocator-granularity=16"
    "memorysetup-bucket-allocator-bucket-count=8"
    "memorysetup-bucket-allocator-block-size=33554432"
    "memorysetup-bucket-allocator-block-count=8"
    "memorysetup-main-allocator-block-size=16777216"
    "memorysetup-thread-allocator-block-size=16777216"
    "memorysetup-gfx-main-allocator-block-size=16777216"
    "memorysetup-gfx-thread-allocator-block-size=16777216"
    "memorysetup-cache-allocator-block-size=4194304"
    "memorysetup-typetree-allocator-block-size=2097152"
    "memorysetup-profiler-bucket-allocator-granularity=16"
    "memorysetup-profiler-bucket-allocator-bucket-count=8"
    "memorysetup-profiler-bucket-allocator-block-size=33554432"
    "memorysetup-profiler-bucket-allocator-block-count=8"
    "memorysetup-profiler-allocator-block-size=16777216"
    "memorysetup-profiler-editor-allocator-block-size=1048576"
    "memorysetup-temp-allocator-size-main=16777216"
    "memorysetup-job-temp-allocator-block-size=2097152"
    "memorysetup-job-temp-allocator-block-size-background=1048576"
    "memorysetup-job-temp-allocator-reduction-small-platforms=262144"
    "memorysetup-allocator-temp-initial-block-size-main=262144"
    "memorysetup-allocator-temp-initial-block-size-worker=262144"
    "memorysetup-temp-allocator-size-background-worker=32768"
    "memorysetup-temp-allocator-size-job-worker=262144"
    "memorysetup-temp-allocator-size-preload-manager=33554432"
    "memorysetup-temp-allocator-size-nav-mesh-worker=65536"
    "memorysetup-temp-allocator-size-audio-worker=65536"
    "memorysetup-temp-allocator-size-cloud-worker=32768"
    "memorysetup-temp-allocator-size-gi-baking-worker=262144"
    "memorysetup-temp-allocator-size-gfx=262144"
Player connection [32996] Host "[IP] 192.168.14.112 [Port] 0 [Flags] 2 [Guid] 2967614175 [EditorId] 2967614175 [Version] 1048832 [Id] WindowsEditor(7,PIM4-L2JV-28) [Debug] 1 [PackageName] WindowsEditor [ProjectName] Editor" joined multi-casting on [225.0.0.222:54997]...

Player connection [32996] Host "[IP] 192.168.14.112 [Port] 0 [Flags] 2 [Guid] 2967614175 [EditorId] 2967614175 [Version] 1048832 [Id] WindowsEditor(7,PIM4-L2JV-28) [Debug] 1 [PackageName] WindowsEditor [ProjectName] Editor" joined alternative multi-casting on [225.0.0.222:34997]...

Refreshing native plugins compatible for Editor in 0.00 ms, found 0 plugins.
Preloading 0 native plugins for Editor in 0.00 ms.
Initialize engine version: 2022.3.1f1 (f18e0c1b5784)
[Subsystems] Discovering subsystems at path C:/Program Files/Unity 2022.3.1f1/Editor/Data/Resources/UnitySubsystems
[Subsystems] Discovering subsystems at path C:/Users/theo.rotsart/Documents/tamere/KinoGlitch/Assets
GfxDevice: creating device client; threaded=0; jobified=0
Direct3D:
    Version:  Direct3D 11.0 [level 11.1]
    Renderer: NVIDIA GeForce RTX 2060 (ID=0x1e89)
    Vendor:   NVIDIA
    VRAM:     5958 MB
    Driver:   31.0.15.3179
Initialize mono
Mono path[0] = 'C:/Program Files/Unity 2022.3.1f1/Editor/Data/Managed'
Mono path[1] = 'C:/Program Files/Unity 2022.3.1f1/Editor/Data/MonoBleedingEdge/lib/mono/unityjit-win32'
Mono config path = 'C:/Program Files/Unity 2022.3.1f1/Editor/Data/MonoBleedingEdge/etc'
Using monoOptions --debugger-agent=transport=dt_socket,embedding=1,server=y,suspend=n,address=127.0.0.1:56280
Begin MonoManager ReloadAssembly
Registering precompiled unity dll's ...
Register platform support module: C:/Program Files/Unity 2022.3.1f1/Editor/Data/PlaybackEngines/AndroidPlayer/UnityEditor.Android.Extensions.dll
Register platform support module: C:/Program Files/Unity 2022.3.1f1/Editor/Data/PlaybackEngines/WindowsStandaloneSupport/UnityEditor.WindowsStandalone.Extensions.dll
Registered in 0.011099 seconds.
- Loaded All Assemblies, in  0.359 seconds
Native extension for WindowsStandalone target not found
Native extension for Android target not found
Mono: successfully reloaded assembly
- Finished resetting the current domain, in  0.294 seconds
Domain Reload Profiling: 650ms
	BeginReloadAssembly (95ms)
		ExecutionOrderSort (0ms)
		DisableScriptedObjects (0ms)
		BackupInstance (0ms)
		ReleaseScriptingObjects (0ms)
		CreateAndSetChildDomain (1ms)
	RebuildCommonClasses (37ms)
	RebuildNativeTypeToScriptingClass (10ms)
	initialDomainReloadingComplete (63ms)
	LoadAllAssembliesAndSetupDomain (150ms)
		LoadAssemblies (92ms)
		RebuildTransferFunctionScriptingTraits (0ms)
		AnalyzeDomain (140ms)
			TypeCache.Refresh (139ms)
				TypeCache.ScanAssembly (127ms)
			ScanForSourceGeneratedMonoScriptInfo (0ms)
			ResolveRequiredComponents (0ms)
	FinalizeReload (295ms)
		ReleaseScriptCaches (0ms)
		RebuildScriptCaches (0ms)
		SetupLoadedEditorAssemblies (242ms)
			LogAssemblyErrors (0ms)
			InitializePlatformSupportModulesInManaged (94ms)
			SetLoadedEditorAssemblies (4ms)
			RefreshPlugins (0ms)
			BeforeProcessingInitializeOnLoad (2ms)
			ProcessInitializeOnLoadAttributes (97ms)
			ProcessInitializeOnLoadMethodAttributes (46ms)
			AfterProcessingInitializeOnLoad (0ms)
			EditorAssembliesLoaded (0ms)
		ExecutionOrderSort2 (0ms)
		AwakeInstancesAfterBackupRestoration (0ms)
========================================================================
Worker process is ready to serve import requests
Begin MonoManager ReloadAssembly
- Loaded All Assemblies, in  0.337 seconds
Refreshing native plugins compatible for Editor in 0.00 ms, found 0 plugins.
Native extension for WindowsStandalone target not found
Native extension for Android target not found
Mono: successfully reloaded assembly
- Finished resetting the current domain, in  0.310 seconds
Domain Reload Profiling: 643ms
	BeginReloadAssembly (128ms)
		ExecutionOrderSort (0ms)
		DisableScriptedObjects (5ms)
		BackupInstance (0ms)
		ReleaseScriptingObjects (0ms)
		CreateAndSetChildDomain (20ms)
	RebuildCommonClasses (33ms)
	RebuildNativeTypeToScriptingClass (10ms)
	initialDomainReloadingComplete (26ms)
	LoadAllAssembliesAndSetupDomain (136ms)
		LoadAssemblies (78ms)
		RebuildTransferFunctionScriptingTraits (0ms)
		AnalyzeDomain (124ms)
			TypeCache.Refresh (122ms)
				TypeCache.ScanAssembly (113ms)
			ScanForSourceGeneratedMonoScriptInfo (1ms)
			ResolveRequiredComponents (1ms)
	FinalizeReload (311ms)
		ReleaseScriptCaches (0ms)
		RebuildScriptCaches (0ms)
		SetupLoadedEditorAssemblies (186ms)
			LogAssemblyErrors (0ms)
			InitializePlatformSupportModulesInManaged (24ms)
			SetLoadedEditorAssemblies (4ms)
			RefreshPlugins (0ms)
			BeforeProcessingInitializeOnLoad (29ms)
			ProcessInitializeOnLoadAttributes (101ms)
			ProcessInitializeOnLoadMethodAttributes (17ms)
			AfterProcessingInitializeOnLoad (11ms)
			EditorAssembliesLoaded (0ms)
		ExecutionOrderSort2 (0ms)
		AwakeInstancesAfterBackupRestoration (5ms)
Launched and connected shader compiler UnityShaderCompiler.exe after 0.04 seconds
Refreshing native plugins compatible for Editor in 0.00 ms, found 0 plugins.
Preloading 0 native plugins for Editor in 0.00 ms.
Unloading 18 Unused Serialized files (Serialized files now loaded: 0)
Unloading 3 unused Assets / (48.9 KB). Loaded Objects now: 494.
Memory consumption went from 51.5 MB to 51.5 MB.
Total: 1.995100 ms (FindLiveObjects: 0.036400 ms CreateObjectMapping: 0.003200 ms MarkObjects: 1.900900 ms  DeleteObjects: 0.053900 ms)

AssetImportParameters requested are different than current active one (requested -> active):
  custom:video-decoder-ogg-theora: a1e56fd34408186e4bbccfd4996cb3dc -> 
  custom:container-muxer-webm: aa71ff27fc2769a1b78a27578f13a17b -> 
  custom:container-demuxer-webm: 4f35f7cbe854078d1ac9338744f61a02 -> 
  custom:video-encoder-webm-vp8: eb34c28f22e8b96e1ab97ce403110664 -> 
  custom:audio-encoder-webm-vorbis: bf7c407c2cedff20999df2af8eb42d56 -> 
  custom:framework-win-MediaFoundation: 216162199b28c13a410421893ffa2e32 -> 
  custom:container-demuxer-ogg: 62fdf1f143b41e24485cea50d1cbac27 -> 
  custom:video-decoder-webm-vp8: 9c59270c3fd7afecdb556c50c9e8de78 -> 
  custom:audio-decoder-ogg-vorbis: bf7c407c2cedff20999df2af8eb42d56 -> 
  custom:AudioImporter_EditorPlatform: d09bf68614088b80899f8185d706f6e7 -> 
========================================================================
Received Import Request.
  Time since last request: 8725.912910 seconds.
  path: Assets/Test/Test.unity
  artifactKey: Guid(063e3411f747c4651a4db83a8f64c3df) Importer(815301076,1909f56bfc062723c751e8b465ee728b)
Start importing Assets/Test/Test.unity using Guid(063e3411f747c4651a4db83a8f64c3df) Importer(815301076,1909f56bfc062723c751e8b465ee728b)  -> (artifact id: '5677871532eff444b8e20204910e22e7') in 0.002526 seconds
Number of updated asset objects reloaded before import = 0
Number of asset objects unloaded after import = 0
========================================================================
Received Prepare
Begin MonoManager ReloadAssembly
- Loaded All Assemblies, in  0.219 seconds
Refreshing native plugins compatible for Editor in 0.00 ms, found 0 plugins.
Native extension for WindowsStandalone target not found
Native extension for Android target not found
Mono: successfully reloaded assembly
- Finished resetting the current domain, in  0.322 seconds
Domain Reload Profiling: 538ms
	BeginReloadAssembly (131ms)
		ExecutionOrderSort (0ms)
		DisableScriptedObjects (5ms)
		BackupInstance (0ms)
		ReleaseScriptingObjects (0ms)
		CreateAndSetChildDomain (19ms)
	RebuildCommonClasses (34ms)
	RebuildNativeTypeToScriptingClass (10ms)
	initialDomainReloadingComplete (26ms)
	LoadAllAssembliesAndSetupDomain (14ms)
		LoadAssemblies (81ms)
		RebuildTransferFunctionScriptingTraits (0ms)
		AnalyzeDomain (1ms)
			TypeCache.Refresh (0ms)
				TypeCache.ScanAssembly (0ms)
			ScanForSourceGeneratedMonoScriptInfo (0ms)
			ResolveRequiredComponents (1ms)
	FinalizeReload (322ms)
		ReleaseScriptCaches (0ms)
		RebuildScriptCaches (0ms)
		SetupLoadedEditorAssemblies (194ms)
			LogAssemblyErrors (0ms)
			InitializePlatformSupportModulesInManaged (25ms)
			SetLoadedEditorAssemblies (5ms)
			RefreshPlugins (0ms)
			BeforeProcessingInitializeOnLoad (29ms)
			ProcessInitializeOnLoadAttributes (103ms)
			ProcessInitializeOnLoadMethodAttributes (19ms)
			AfterProcessingInitializeOnLoad (14ms)
			EditorAssembliesLoaded (0ms)
		ExecutionOrderSort2 (0ms)
		AwakeInstancesAfterBackupRestoration (6ms)
Refreshing native plugins compatible for Editor in 0.00 ms, found 0 plugins.
Preloading 0 native plugins for Editor in 0.00 ms.
Unloading 9 Unused Serialized files (Serialized files now loaded: 0)
Unloading 1 unused Assets / (20.5 KB). Loaded Objects now: 494.
Memory consumption went from 49.5 MB to 49.5 MB.
Total: 2.588400 ms (FindLiveObjects: 0.069500 ms CreateObjectMapping: 0.005300 ms MarkObjects: 2.490800 ms  DeleteObjects: 0.021400 ms)

Prepare: number of updated asset objects reloaded= 0
AssetImportParameters requested are different than current active one (requested -> active):
  custom:video-decoder-ogg-theora: a1e56fd34408186e4bbccfd4996cb3dc -> 
  custom:container-muxer-webm: aa71ff27fc2769a1b78a27578f13a17b -> 
  custom:container-demuxer-webm: 4f35f7cbe854078d1ac9338744f61a02 -> 
  custom:video-encoder-webm-vp8: eb34c28f22e8b96e1ab97ce403110664 -> 
  custom:audio-encoder-webm-vorbis: bf7c407c2cedff20999df2af8eb42d56 -> 
  custom:framework-win-MediaFoundation: 216162199b28c13a410421893ffa2e32 -> 
  custom:container-demuxer-ogg: 62fdf1f143b41e24485cea50d1cbac27 -> 
  custom:video-decoder-webm-vp8: 9c59270c3fd7afecdb556c50c9e8de78 -> 
  custom:audio-decoder-ogg-vorbis: bf7c407c2cedff20999df2af8eb42d56 -> 
  custom:AudioImporter_EditorPlatform: d09bf68614088b80899f8185d706f6e7 -> 
========================================================================
Received Prepare
Begin MonoManager ReloadAssembly
- Loaded All Assemblies, in  0.206 seconds
Refreshing native plugins compatible for Editor in 0.00 ms, found 0 plugins.
Native extension for WindowsStandalone target not found
Native extension for Android target not found
Mono: successfully reloaded assembly
- Finished resetting the current domain, in  0.319 seconds
Domain Reload Profiling: 521ms
	BeginReloadAssembly (120ms)
		ExecutionOrderSort (0ms)
		DisableScriptedObjects (5ms)
		BackupInstance (0ms)
		ReleaseScriptingObjects (0ms)
		CreateAndSetChildDomain (14ms)
	RebuildCommonClasses (31ms)
	RebuildNativeTypeToScriptingClass (10ms)
	initialDomainReloadingComplete (27ms)
	LoadAllAssembliesAndSetupDomain (14ms)
		LoadAssemblies (77ms)
		RebuildTransferFunctionScriptingTraits (0ms)
		AnalyzeDomain (1ms)
			TypeCache.Refresh (0ms)
				TypeCache.ScanAssembly (0ms)
			ScanForSourceGeneratedMonoScriptInfo (0ms)
			ResolveRequiredComponents (1ms)
	FinalizeReload (320ms)
		ReleaseScriptCaches (0ms)
		RebuildScriptCaches (0ms)
		SetupLoadedEditorAssemblies (190ms)
			LogAssemblyErrors (0ms)
			InitializePlatformSupportModulesInManaged (25ms)
			SetLoadedEditorAssemblies (5ms)
			RefreshPlugins (0ms)
			BeforeProcessingInitializeOnLoad (30ms)
			ProcessInitializeOnLoadAttributes (102ms)
			ProcessInitializeOnLoadMethodAttributes (16ms)
			AfterProcessingInitializeOnLoad (12ms)
			EditorAssembliesLoaded (0ms)
		ExecutionOrderSort2 (0ms)
		AwakeInstancesAfterBackupRestoration (6ms)
Refreshing native plugins compatible for Editor in 0.00 ms, found 0 plugins.
Preloading 0 native plugins for Editor in 0.00 ms.
Unloading 10 Unused Serialized files (Serialized files now loaded: 0)
Unloading 1 unused Assets / (22.7 KB). Loaded Objects now: 494.
Memory consumption went from 49.8 MB to 49.7 MB.
Total: 2.433200 ms (FindLiveObjects: 0.065100 ms CreateObjectMapping: 0.004000 ms MarkObjects: 2.344100 ms  DeleteObjects: 0.018600 ms)

Prepare: number of updated asset objects reloaded= 0
AssetImportParameters requested are different than current active one (requested -> active):
  custom:video-decoder-ogg-theora: a1e56fd34408186e4bbccfd4996cb3dc -> 
  custom:container-muxer-webm: aa71ff27fc2769a1b78a27578f13a17b -> 
  custom:container-demuxer-webm: 4f35f7cbe854078d1ac9338744f61a02 -> 
  custom:video-encoder-webm-vp8: eb34c28f22e8b96e1ab97ce403110664 -> 
  custom:audio-encoder-webm-vorbis: bf7c407c2cedff20999df2af8eb42d56 -> 
  custom:framework-win-MediaFoundation: 216162199b28c13a410421893ffa2e32 -> 
  custom:container-demuxer-ogg: 62fdf1f143b41e24485cea50d1cbac27 -> 
  custom:video-decoder-webm-vp8: 9c59270c3fd7afecdb556c50c9e8de78 -> 
  custom:audio-decoder-ogg-vorbis: bf7c407c2cedff20999df2af8eb42d56 -> 
  custom:AudioImporter_EditorPlatform: d09bf68614088b80899f8185d706f6e7 -> 
========================================================================
Received Import Request.
  Time since last request: 57.158384 seconds.
  path: Assets/Editor/PackageTool.cs
  artifactKey: Guid(6ac54410b610f47b18249055e1f9b668) Importer(815301076,1909f56bfc062723c751e8b465ee728b)
Start importing Assets/Editor/PackageTool.cs using Guid(6ac54410b610f47b18249055e1f9b668) Importer(815301076,1909f56bfc062723c751e8b465ee728b)  -> (artifact id: 'af8144cd89ff0c9920f653c8805e7fe3') in 0.001954 seconds
Number of updated asset objects reloaded before import = 0
Number of asset objects unloaded after import = 0
========================================================================
Received Import Request.
  Time since last request: 14.038273 seconds.
  path: Assets/CalibrationScene/Model
  artifactKey: Guid(06be75fcdb47e414190cdbc647c5ba06) Importer(815301076,1909f56bfc062723c751e8b465ee728b)
Start importing Assets/CalibrationScene/Model using Guid(06be75fcdb47e414190cdbc647c5ba06) Importer(815301076,1909f56bfc062723c751e8b465ee728b)  -> (artifact id: 'b7bb331c1ecba7dd6974e156d2ccc103') in 0.000454 seconds
Number of updated asset objects reloaded before import = 0
Number of asset objects unloaded after import = 0
========================================================================
Received Import Request.
  Time since last request: 0.087421 seconds.
  path: Assets/CalibrationScene/Model/SamplePot.fbx
  artifactKey: Guid(ca5eceb85768ac841bd2c12921c1cef2) Importer(815301076,1909f56bfc062723c751e8b465ee728b)
Start importing Assets/CalibrationScene/Model/SamplePot.fbx using Guid(ca5eceb85768ac841bd2c12921c1cef2) Importer(815301076,1909f56bfc062723c751e8b465ee728b)  -> (artifact id: 'b1e18bcbeb42267f0b023d5ee1174c1a') in 0.612145 seconds
Number of updated asset objects reloaded before import = 0
Number of asset objects unloaded after import = 28
========================================================================
Received Import Request.
  Time since last request: 1.000920 seconds.
  path: Assets/Editor
  artifactKey: Guid(4fd2d5583441d464f8fa120133849ecb) Importer(815301076,1909f56bfc062723c751e8b465ee728b)
Start importing Assets/Editor using Guid(4fd2d5583441d464f8fa120133849ecb) Importer(815301076,1909f56bfc062723c751e8b465ee728b)  -> (artifact id: '6dd09b1ceeee3ee8499a0fcb9afc7851') in 0.000681 seconds
Number of updated asset objects reloaded before import = 0
Number of asset objects unloaded after import = 0
========================================================================
Received Import Request.
  Time since last request: 2.439987 seconds.
  path: Assets/Kino
  artifactKey: Guid(96d6f0c23b5b349a39907f19574573ef) Importer(815301076,1909f56bfc062723c751e8b465ee728b)
Start importing Assets/Kino using Guid(96d6f0c23b5b349a39907f19574573ef) Importer(815301076,1909f56bfc062723c751e8b465ee728b)  -> (artifact id: 'c639352e7256e45a31da8beac6b05af1') in 0.000561 seconds
Number of updated asset objects reloaded before import = 0
Number of asset objects unloaded after import = 0
========================================================================
Received Import Request.
  Time since last request: 123.235304 seconds.
  path: Assets/CalibrationScene
  artifactKey: Guid(22bf75832c2aa58408234a70b32592ba) Importer(815301076,1909f56bfc062723c751e8b465ee728b)
Start importing Assets/CalibrationScene using Guid(22bf75832c2aa58408234a70b32592ba) Importer(815301076,1909f56bfc062723c751e8b465ee728b)  -> (artifact id: 'e5ab97ab96eb1e464b63a9932add4e75') in 0.000528 seconds
Number of updated asset objects reloaded before import = 0
Number of asset objects unloaded after import = 0
========================================================================
Received Import Request.
  Time since last request: 1.919477 seconds.
  path: Assets/CalibrationScene/SceneMaterials
  artifactKey: Guid(d89d43aab94d0dc4291abeeb18851432) Importer(815301076,1909f56bfc062723c751e8b465ee728b)
Start importing Assets/CalibrationScene/SceneMaterials using Guid(d89d43aab94d0dc4291abeeb18851432) Importer(815301076,1909f56bfc062723c751e8b465ee728b)  -> (artifact id: 'f1fce297d7791ede5fc9c56354fb9933') in 0.000486 seconds
Number of updated asset objects reloaded before import = 0
Number of asset objects unloaded after import = 0
========================================================================
Received Import Request.
  Time since last request: 1.790850 seconds.
  path: Assets/CalibrationScene/SceneTextures
  artifactKey: Guid(9c3aaf057d431d24e8e984539bed3e74) Importer(815301076,1909f56bfc062723c751e8b465ee728b)
Start importing Assets/CalibrationScene/SceneTextures using Guid(9c3aaf057d431d24e8e984539bed3e74) Importer(815301076,1909f56bfc062723c751e8b465ee728b)  -> (artifact id: 'b0a03b4e6c389c62e80af98165251f25') in 0.000472 seconds
Number of updated asset objects reloaded before import = 0
Number of asset objects unloaded after import = 0
========================================================================
Received Import Request.
  Time since last request: 0.098765 seconds.
  path: Assets/CalibrationScene/SceneTextures/CalibrationFloorDiffuse.tif
  artifactKey: Guid(ca7ba913502c8bb44a66350131805326) Importer(815301076,1909f56bfc062723c751e8b465ee728b)
Start importing Assets/CalibrationScene/SceneTextures/CalibrationFloorDiffuse.tif using Guid(ca7ba913502c8bb44a66350131805326) Importer(815301076,1909f56bfc062723c751e8b465ee728b)  -> (artifact id: '168a40b5cff04eda7bae53a0115bbfb3') in 0.033512 seconds
Number of updated asset objects reloaded before import = 0
Number of asset objects unloaded after import = 2
========================================================================
Received Import Request.
  Time since last request: 0.000018 seconds.
  path: Assets/CalibrationScene/SceneTextures/SamplePotLidOcclusion.tif
  artifactKey: Guid(31a7168fca1b7ba4dbf20238423ab565) Importer(815301076,1909f56bfc062723c751e8b465ee728b)
Start importing Assets/CalibrationScene/SceneTextures/SamplePotLidOcclusion.tif using Guid(31a7168fca1b7ba4dbf20238423ab565) Importer(815301076,1909f56bfc062723c751e8b465ee728b)  -> (artifact id: '0808a35c1f83e16d350cc4a23fc4d552') in 0.007405 seconds
Number of updated asset objects reloaded before import = 0
Number of asset objects unloaded after import = 2
========================================================================
Received Import Request.
  Time since last request: 0.000027 seconds.
  path: Assets/CalibrationScene/SceneTextures/SamplePotOcclusion.tif
  artifactKey: Guid(b3dc25610533c0c4eaf642fb5a306aac) Importer(815301076,1909f56bfc062723c751e8b465ee728b)
Start importing Assets/CalibrationScene/SceneTextures/SamplePotOcclusion.tif using Guid(b3dc25610533c0c4eaf642fb5a306aac) Importer(815301076,1909f56bfc062723c751e8b465ee728b)  -> (artifact id: '2fb6bedcd11837ca293766af9feb894e') in 0.011184 seconds
Number of updated asset objects reloaded before import = 0
Number of asset objects unloaded after import = 2
========================================================================
Received Import Request.
  Time since last request: 0.000027 seconds.
  path: Assets/CalibrationScene/SceneTextures/SamplePotLabelDefaultDiffuse.tif
  artifactKey: Guid(f81be78bc1f158d45955e9677bcb06b1) Importer(815301076,1909f56bfc062723c751e8b465ee728b)
Start importing Assets/CalibrationScene/SceneTextures/SamplePotLabelDefaultDiffuse.tif using Guid(f81be78bc1f158d45955e9677bcb06b1) Importer(815301076,1909f56bfc062723c751e8b465ee728b)  -> (artifact id: '6601c6296a05a2f455a6c62d15274bb0') in 0.008988 seconds
Number of updated asset objects reloaded before import = 0
Number of asset objects unloaded after import = 2
========================================================================
Received Import Request.
  Time since last request: 0.000065 seconds.
  path: Assets/CalibrationScene/SceneTextures/SamplePotLidNormals.tif
  artifactKey: Guid(9d3f5dc1b9424b448a183393e38e465e) Importer(815301076,1909f56bfc062723c751e8b465ee728b)
Start importing Assets/CalibrationScene/SceneTextures/SamplePotLidNormals.tif using Guid(9d3f5dc1b9424b448a183393e38e465e) Importer(815301076,1909f56bfc062723c751e8b465ee728b)  -> (artifact id: '58e711d48a826b6ac7efe5a30ca210bb') in 0.018818 seconds
Number of updated asset objects reloaded before import = 0
Number of asset objects unloaded after import = 2
========================================================================
Received Import Request.
  Time since last request: 0.000016 seconds.
  path: Assets/CalibrationScene/SceneTextures/CalibrationFloorSpecularGloss.tif
  artifactKey: Guid(6185fa454db669040887c980e20126fe) Importer(815301076,1909f56bfc062723c751e8b465ee728b)
Start importing Assets/CalibrationScene/SceneTextures/CalibrationFloorSpecularGloss.tif using Guid(6185fa454db669040887c980e20126fe) Importer(815301076,1909f56bfc062723c751e8b465ee728b)  -> (artifact id: '8ef6404994371492f6e64b13a37b34aa') in 0.012887 seconds
Number of updated asset objects reloaded before import = 0
Number of asset objects unloaded after import = 2
Editor requested this worker to shutdown with reason: Scaling down because of idle timeout
TcpMessagingSession - receive error: operation aborted. errorcode: 995, details: L’opération d’entrée/sortie a été abandonnée en raison de l’arrêt d’un thread ou à la demande d’une application.
AssetImportWorker is now disconnected from the server
Process exiting
Exiting without the bug reporter. Application will terminate with return code 0